<?xml version="1.0" encoding="UTF-8"?>
<!-- Generated by org.testng.reporters.JUnitReportReporter -->
<testsuite hostname="Semas-MacBook-Air.local" failures="0" tests="1" name="semmobile.LongPress" time="25.601" errors="0" timestamp="2024-09-11T20:23:29 EDT" skipped="0">
  <testcase classname="semmobile.LongPress" name="LongPressGesture" time="25.601"/>
  <system-out/>
</testsuite> <!-- semmobile.LongPress -->
