<?xml version="1.0" encoding="UTF-8"?>
<!-- Generated by org.testng.reporters.JUnitReportReporter -->
<testsuite hostname="Semas-MacBook-Air.local" failures="0" tests="1" name="semmobile.AppiumBasics" time="12.435" errors="0" timestamp="11 Sep 2024 21:25:33 GMT" skipped="0">
  <testcase classname="semmobile.AppiumBasics" name="AppiumTest" time="12.435"/>
</testsuite> <!-- semmobile.AppiumBasics -->
